0 info it worked if it ends with ok
1 verbose cli [ 'C:\\Program Files\\nodejs\\\\node.exe',
1 verbose cli   'C:\\Program Files\\nodejs\\node_modules\\npm\\bin\\npm-cli.js',
1 verbose cli   'run',
1 verbose cli   'deploy' ]
2 info using npm@1.4.28
3 info using node@v0.10.33
4 verbose node symlink C:\Program Files\nodejs\\node.exe
5 verbose run-script [ 'predeploy', 'deploy', 'postdeploy' ]
6 info predeploy Detourist@0.0.1
7 info deploy Detourist@0.0.1
8 verbose unsafe-perm in lifecycle true
9 info Detourist@0.0.1 Failed to exec deploy script
10 error Detourist@0.0.1 deploy: `./deploy.sh`
10 error Exit status 1
11 error Failed at the Detourist@0.0.1 deploy script.
11 error This is most likely a problem with the Detourist package,
11 error not with npm itself.
11 error Tell the author that this fails on your system:
11 error     ./deploy.sh
11 error You can get their info via:
11 error     npm owner ls Detourist
11 error There is likely additional logging output above.
12 error System Windows_NT 6.1.7601
13 error command "C:\\Program Files\\nodejs\\\\node.exe" "C:\\Program Files\\nodejs\\node_modules\\npm\\bin\\npm-cli.js" "run" "deploy"
14 error cwd E:\TUM007\sightseeing-app
15 error node -v v0.10.33
16 error npm -v 1.4.28
17 error code ELIFECYCLE
18 verbose exit [ 1, true ]
